{"/Users/slashxdd/Documents/Offtop/src/api/fakeStoreApi.ts": {"path":"/Users/slashxdd/Documents/Offtop/src/api/fakeStoreApi.ts","statementMap":{"0":{"start":{"line":5,"column":15},"end":{"line":8,"column":1}},"1":{"start":{"line":10,"column":27},"end":{"line":17,"column":1}},"2":{"start":{"line":11,"column":4},"end":{"line":16,"column":5}},"3":{"start":{"line":12,"column":25},"end":{"line":12,"column":52}},"4":{"start":{"line":13,"column":8},"end":{"line":13,"column":20}},"5":{"start":{"line":15,"column":8},"end":{"line":15,"column":21}}},"fnMap":{"0":{"name":"(anonymous_0)","decl":{"start":{"line":10,"column":27},"end":{"line":10,"column":28}},"loc":{"start":{"line":10,"column":71},"end":{"line":17,"column":1}},"line":10}},"branchMap":{},"s":{"0":1,"1":1,"2":3,"3":3,"4":3,"5":0},"f":{"0":3},"b":{},"_coverageSchema":"1a1c01bbd47fc00a2c39e90264f33305004495a9","hash":"4e931b648be9980d246a41242e8e1e1294124f63"}
,"/Users/slashxdd/Documents/Offtop/src/api/index.ts": {"path":"/Users/slashxdd/Documents/Offtop/src/api/index.ts","statementMap":{},"fnMap":{},"branchMap":{},"s":{},"f":{},"b":{},"_coverageSchema":"1a1c01bbd47fc00a2c39e90264f33305004495a9","hash":"534dac8adea8598d66e3fa6ffc33879a196c7482"}
,"/Users/slashxdd/Documents/Offtop/src/services/index.ts": {"path":"/Users/slashxdd/Documents/Offtop/src/services/index.ts","statementMap":{},"fnMap":{},"branchMap":{},"s":{},"f":{},"b":{},"_coverageSchema":"1a1c01bbd47fc00a2c39e90264f33305004495a9","hash":"ad5ab7fe77ec8330a0476f6a77c3e8806b95c11c"}
,"/Users/slashxdd/Documents/Offtop/src/services/productsService.ts": {"path":"/Users/slashxdd/Documents/Offtop/src/services/productsService.ts","statementMap":{"0":{"start":{"line":12,"column":49},"end":{"line":16,"column":1}},"1":{"start":{"line":13,"column":37},"end":{"line":13,"column":66}},"2":{"start":{"line":15,"column":4},"end":{"line":15,"column":43}},"3":{"start":{"line":15,"column":31},"end":{"line":15,"column":42}}},"fnMap":{"0":{"name":"(anonymous_0)","decl":{"start":{"line":13,"column":16},"end":{"line":13,"column":17}},"loc":{"start":{"line":13,"column":37},"end":{"line":13,"column":66}},"line":13},"1":{"name":"(anonymous_1)","decl":{"start":{"line":14,"column":21},"end":{"line":14,"column":22}},"loc":{"start":{"line":15,"column":4},"end":{"line":15,"column":43}},"line":15},"2":{"name":"(anonymous_2)","decl":{"start":{"line":15,"column":18},"end":{"line":15,"column":19}},"loc":{"start":{"line":15,"column":31},"end":{"line":15,"column":42}},"line":15}},"branchMap":{},"s":{"0":1,"1":2,"2":1,"3":11},"f":{"0":2,"1":1,"2":11},"b":{},"_coverageSchema":"1a1c01bbd47fc00a2c39e90264f33305004495a9","hash":"bdb2f02730af5f76f6cbb710843b5805e6e8361d"}
,"/Users/slashxdd/Documents/Offtop/src/types/apiTypes.ts": {"path":"/Users/slashxdd/Documents/Offtop/src/types/apiTypes.ts","statementMap":{},"fnMap":{},"branchMap":{},"s":{},"f":{},"b":{},"_coverageSchema":"1a1c01bbd47fc00a2c39e90264f33305004495a9","hash":"97b7be09397876e9a85f8045bd56095c82890373"}
,"/Users/slashxdd/Documents/Offtop/src/types/general.ts": {"path":"/Users/slashxdd/Documents/Offtop/src/types/general.ts","statementMap":{},"fnMap":{},"branchMap":{},"s":{},"f":{},"b":{},"_coverageSchema":"1a1c01bbd47fc00a2c39e90264f33305004495a9","hash":"0e33425f51815d525682ae3fadf1943f705d5bf3"}
,"/Users/slashxdd/Documents/Offtop/src/types/index.ts": {"path":"/Users/slashxdd/Documents/Offtop/src/types/index.ts","statementMap":{},"fnMap":{},"branchMap":{},"s":{},"f":{},"b":{},"_coverageSchema":"1a1c01bbd47fc00a2c39e90264f33305004495a9","hash":"42c215b5b53829178e9bd2ef88c193cbf62740f2"}
,"/Users/slashxdd/Documents/Offtop/src/util/index.ts": {"path":"/Users/slashxdd/Documents/Offtop/src/util/index.ts","statementMap":{},"fnMap":{},"branchMap":{},"s":{},"f":{},"b":{},"_coverageSchema":"1a1c01bbd47fc00a2c39e90264f33305004495a9","hash":"200e8f006335476d5680488d3e920b8dd361c0e5"}
,"/Users/slashxdd/Documents/Offtop/src/util/sorting.ts": {"path":"/Users/slashxdd/Documents/Offtop/src/util/sorting.ts","statementMap":{"0":{"start":{"line":3,"column":23},"end":{"line":8,"column":1}},"1":{"start":{"line":5,"column":4},"end":{"line":5,"column":54}},"2":{"start":{"line":7,"column":4},"end":{"line":7,"column":54}},"3":{"start":{"line":18,"column":24},"end":{"line":28,"column":1}},"4":{"start":{"line":19,"column":2},"end":{"line":27,"column":8}},"5":{"start":{"line":20,"column":22},"end":{"line":20,"column":69}},"6":{"start":{"line":24,"column":26},"end":{"line":24,"column":73}}},"fnMap":{"0":{"name":"(anonymous_0)","decl":{"start":{"line":4,"column":10},"end":{"line":4,"column":11}},"loc":{"start":{"line":5,"column":4},"end":{"line":5,"column":54}},"line":5},"1":{"name":"(anonymous_1)","decl":{"start":{"line":6,"column":9},"end":{"line":6,"column":10}},"loc":{"start":{"line":7,"column":4},"end":{"line":7,"column":54}},"line":7},"2":{"name":"(anonymous_2)","decl":{"start":{"line":18,"column":24},"end":{"line":18,"column":25}},"loc":{"start":{"line":18,"column":60},"end":{"line":28,"column":1}},"line":18},"3":{"name":"(anonymous_3)","decl":{"start":{"line":20,"column":4},"end":{"line":20,"column":5}},"loc":{"start":{"line":20,"column":22},"end":{"line":20,"column":69}},"line":20},"4":{"name":"(anonymous_4)","decl":{"start":{"line":24,"column":8},"end":{"line":24,"column":9}},"loc":{"start":{"line":24,"column":26},"end":{"line":24,"column":73}},"line":24}},"branchMap":{"0":{"loc":{"start":{"line":5,"column":4},"end":{"line":5,"column":54}},"type":"cond-expr","locations":[{"start":{"line":5,"column":24},"end":{"line":5,"column":26}},{"start":{"line":5,"column":29},"end":{"line":5,"column":54}}],"line":5},"1":{"loc":{"start":{"line":5,"column":29},"end":{"line":5,"column":54}},"type":"cond-expr","locations":[{"start":{"line":5,"column":49},"end":{"line":5,"column":50}},{"start":{"line":5,"column":53},"end":{"line":5,"column":54}}],"line":5},"2":{"loc":{"start":{"line":7,"column":4},"end":{"line":7,"column":54}},"type":"cond-expr","locations":[{"start":{"line":7,"column":24},"end":{"line":7,"column":25}},{"start":{"line":7,"column":28},"end":{"line":7,"column":54}}],"line":7},"3":{"loc":{"start":{"line":7,"column":28},"end":{"line":7,"column":54}},"type":"cond-expr","locations":[{"start":{"line":7,"column":48},"end":{"line":7,"column":50}},{"start":{"line":7,"column":53},"end":{"line":7,"column":54}}],"line":7},"4":{"loc":{"start":{"line":19,"column":9},"end":{"line":27,"column":7}},"type":"cond-expr","locations":[{"start":{"line":22,"column":6},"end":{"line":22,"column":7}},{"start":{"line":23,"column":6},"end":{"line":27,"column":7}}],"line":19},"5":{"loc":{"start":{"line":20,"column":22},"end":{"line":20,"column":69}},"type":"binary-expr","locations":[{"start":{"line":20,"column":22},"end":{"line":20,"column":28}},{"start":{"line":20,"column":32},"end":{"line":20,"column":69}}],"line":20},"6":{"loc":{"start":{"line":23,"column":6},"end":{"line":27,"column":7}},"type":"cond-expr","locations":[{"start":{"line":26,"column":6},"end":{"line":26,"column":8}},{"start":{"line":27,"column":6},"end":{"line":27,"column":7}}],"line":23},"7":{"loc":{"start":{"line":24,"column":26},"end":{"line":24,"column":73}},"type":"binary-expr","locations":[{"start":{"line":24,"column":26},"end":{"line":24,"column":32}},{"start":{"line":24,"column":36},"end":{"line":24,"column":73}}],"line":24}},"s":{"0":1,"1":134,"2":0,"3":1,"4":1,"5":2,"6":20},"f":{"0":134,"1":0,"2":1,"3":2,"4":20},"b":{"0":[67,67],"1":[65,2],"2":[0,0],"3":[0,0],"4":[0,1],"5":[2,1],"6":[1,0],"7":[20,19]},"_coverageSchema":"1a1c01bbd47fc00a2c39e90264f33305004495a9","hash":"03892259fafea8805f1007fde18f407529fda00b"}
}
