TN:
SF:src/api/fakeStoreApi.ts
FN:10,(anonymous_0)
FNF:1
FNH:1
FNDA:3,(anonymous_0)
DA:5,1
DA:10,1
DA:11,3
DA:12,3
DA:13,3
DA:15,0
LF:6
LH:5
BRF:0
BRH:0
end_of_record
TN:
SF:src/api/index.ts
FNF:0
FNH:0
LF:0
LH:0
BRF:0
BRH:0
end_of_record
TN:
SF:src/services/index.ts
FNF:0
FNH:0
LF:0
LH:0
BRF:0
BRH:0
end_of_record
TN:
SF:src/services/productsService.ts
FN:13,(anonymous_0)
FN:14,(anonymous_1)
FN:15,(anonymous_2)
FNF:3
FNH:3
FNDA:2,(anonymous_0)
FNDA:1,(anonymous_1)
FNDA:11,(anonymous_2)
DA:12,1
DA:13,2
DA:15,11
LF:3
LH:3
BRF:0
BRH:0
end_of_record
TN:
SF:src/types/apiTypes.ts
FNF:0
FNH:0
LF:0
LH:0
BRF:0
BRH:0
end_of_record
TN:
SF:src/types/general.ts
FNF:0
FNH:0
LF:0
LH:0
BRF:0
BRH:0
end_of_record
TN:
SF:src/types/index.ts
FNF:0
FNH:0
LF:0
LH:0
BRF:0
BRH:0
end_of_record
TN:
SF:src/util/index.ts
FNF:0
FNH:0
LF:0
LH:0
BRF:0
BRH:0
end_of_record
TN:
SF:src/util/sorting.ts
FN:4,(anonymous_0)
FN:6,(anonymous_1)
FN:18,(anonymous_2)
FN:20,(anonymous_3)
FN:24,(anonymous_4)
FNF:5
FNH:4
FNDA:134,(anonymous_0)
FNDA:0,(anonymous_1)
FNDA:1,(anonymous_2)
FNDA:2,(anonymous_3)
FNDA:20,(anonymous_4)
DA:3,1
DA:5,134
DA:7,0
DA:18,1
DA:19,1
DA:20,2
DA:24,20
LF:7
LH:6
BRDA:5,0,0,67
BRDA:5,0,1,67
BRDA:5,1,0,65
BRDA:5,1,1,2
BRDA:7,2,0,0
BRDA:7,2,1,0
BRDA:7,3,0,0
BRDA:7,3,1,0
BRDA:19,4,0,0
BRDA:19,4,1,1
BRDA:20,5,0,2
BRDA:20,5,1,1
BRDA:23,6,0,1
BRDA:23,6,1,0
BRDA:24,7,0,20
BRDA:24,7,1,19
BRF:16
BRH:10
end_of_record
